<component name="libraryTable">
  <library name="junit-4.12">
    <CLASSES>
      <root url="jar://$USER_HOME$/JUnit/junit-4.12.jar!/" />
      <root url="jar://$USER_HOME$/Downloads/mockito-all-1.9.1-20110911.jar!/" />
    </CLASSES>
    <JAVADOC />
    <SOURCES>
      <root url="jar://$USER_HOME$/Downloads/mockito-all-1.9.1-20110911.jar!/" />
    </SOURCES>
  </library>
</component>